0 info it worked if it ends with ok
1 verbose cli [ 'c:\\Program Files\\nodejs\\node.exe',
1 verbose cli   'c:\\Program Files\\nodejs\\node_modules\\npm\\bin\\npm-cli.js',
1 verbose cli   'start' ]
2 info using npm@3.3.12
3 info using node@v5.3.0
4 verbose run-script [ 'prestart', 'start', 'poststart' ]
5 info lifecycle react-setup@1.0.0~prestart: react-setup@1.0.0
6 silly lifecycle react-setup@1.0.0~prestart: no script for prestart, continuing
7 info lifecycle react-setup@1.0.0~start: react-setup@1.0.0
8 verbose lifecycle react-setup@1.0.0~start: unsafe-perm in lifecycle true
9 verbose lifecycle react-setup@1.0.0~start: PATH: c:\Program Files\nodejs\node_modules\npm\bin\node-gyp-bin;c:\Users\Stefan\Documents\Dev\Web Projects\react\react-setup\node_modules\.bin;c:\Users\Stefan\bin;.;C:\Program Files (x86)\Git\local\bin;C:\Program Files (x86)\Git\mingw\bin;C:\Program Files (x86)\Git\bin;c:\Program Files\ConEmu;c:\Program Files\ConEmu\ConEmu;c:\Program Files (x86)\NVIDIA Corporation\PhysX\Common;c:\ProgramData\Oracle\Java\javapath;c:\WINDOWS\system32;c:\WINDOWS;c:\WINDOWS\System32\Wbem;c:\WINDOWS\System32\WindowsPowerShell\v1.0\;c:\Program Files\MongoDB\Server\3.0\bin;c:\Program Files\Java\jdk1.8.0_51\bin;C:\Program Files (x86)\Git\cmd;C:\Program Files (x86)\Git\bin;c:\Program Files (x86)\MySQL\MySQL Fabric 1.5 & MySQL Utilities 1.5\;c:\Program Files (x86)\MySQL\MySQL Fabric 1.5 & MySQL Utilities 1.5\Doctrine extensions for PHP\;c:\Program Files\MySQL\MySQL Server 5.7\bin;c:\Program Files\cURL\bin;c:\Program Files\nodejs\;c:\Ruby22\bin;c:\Program Files\MongoDB\Server\3.0\bin;c:\Users\Stefan\AppData\Local\atom\bin;c:\Program Files\MySQL\MySQL Server 5.7\bin;c:\apache-maven-3.3.3\bin;c:\Users\Stefan\Documents\servers\elasticsearch-2.1.0\bin;c:\Users\Stefan\AppData\Roaming\npm
10 verbose lifecycle react-setup@1.0.0~start: CWD: c:\Users\Stefan\Documents\Dev\Web Projects\react\react-setup
11 silly lifecycle react-setup@1.0.0~start: Args: [ '/d /s /c',
11 silly lifecycle   'node_modules/webpack-dev-server/bin/webpack-dev-server' ]
12 silly lifecycle react-setup@1.0.0~start: Returned: code: 1  signal: null
13 info lifecycle react-setup@1.0.0~start: Failed to exec start script
14 verbose stack Error: react-setup@1.0.0 start: `node_modules/webpack-dev-server/bin/webpack-dev-server`
14 verbose stack Exit status 1
14 verbose stack     at EventEmitter.<anonymous> (c:\Program Files\nodejs\node_modules\npm\lib\utils\lifecycle.js:232:16)
14 verbose stack     at emitTwo (events.js:87:13)
14 verbose stack     at EventEmitter.emit (events.js:172:7)
14 verbose stack     at ChildProcess.<anonymous> (c:\Program Files\nodejs\node_modules\npm\lib\utils\spawn.js:24:14)
14 verbose stack     at emitTwo (events.js:87:13)
14 verbose stack     at ChildProcess.emit (events.js:172:7)
14 verbose stack     at maybeClose (internal/child_process.js:818:16)
14 verbose stack     at Process.ChildProcess._handle.onexit (internal/child_process.js:211:5)
15 verbose pkgid react-setup@1.0.0
16 verbose cwd c:\Users\Stefan\Documents\Dev\Web Projects\react\react-setup
17 error Windows_NT 10.0.10240
18 error argv "c:\\Program Files\\nodejs\\node.exe" "c:\\Program Files\\nodejs\\node_modules\\npm\\bin\\npm-cli.js" "start"
19 error node v5.3.0
20 error npm  v3.3.12
21 error code ELIFECYCLE
22 error react-setup@1.0.0 start: `node_modules/webpack-dev-server/bin/webpack-dev-server`
22 error Exit status 1
23 error Failed at the react-setup@1.0.0 start script 'node_modules/webpack-dev-server/bin/webpack-dev-server'.
23 error Make sure you have the latest version of node.js and npm installed.
23 error If you do, this is most likely a problem with the react-setup package,
23 error not with npm itself.
23 error Tell the author that this fails on your system:
23 error     node_modules/webpack-dev-server/bin/webpack-dev-server
23 error You can get their info via:
23 error     npm owner ls react-setup
23 error There is likely additional logging output above.
24 verbose exit [ 1, true ]
